<?xml version="1.0" encoding="UTF-8"?>
<testsuite xmlns:xsi="http://www.w3.org/2001/XMLSchema-instance" xsi:noNamespaceSchemaLocation="https://maven.apache.org/surefire/maven-surefire-plugin/xsd/surefire-test-report.xsd" name="TestSuite" time="16.399" tests="1" errors="0" skipped="0" failures="0">
  <properties>
    <property name="gopherProxySet" value="false"/>
    <property name="awt.toolkit" value="sun.lwawt.macosx.LWCToolkit"/>
    <property name="file.encoding.pkg" value="sun.io"/>
    <property name="java.specification.version" value="1.8"/>
    <property name="sun.cpu.isalist" value=""/>
    <property name="sun.jnu.encoding" value="UTF-8"/>
    <property name="java.class.path" value="/Users/hagar.abdelsamad/Documents/GitHub/Selenium-Framework/target/test-classes:/Users/hagar.abdelsamad/Documents/GitHub/Selenium-Framework/target/classes:/Users/hagar.abdelsamad/.m2/repository/com/codeborne/phantomjsdriver/1.4.4/phantomjsdriver-1.4.4.jar:/Users/hagar.abdelsamad/.m2/repository/org/seleniumhq/selenium/selenium-api/3.8.1/selenium-api-3.8.1.jar:/Users/hagar.abdelsamad/.m2/repository/org/seleniumhq/selenium/selenium-remote-driver/3.8.1/selenium-remote-driver-3.8.1.jar:/Users/hagar.abdelsamad/.m2/repository/info/cukes/cucumber-core/1.2.5/cucumber-core-1.2.5.jar:/Users/hagar.abdelsamad/.m2/repository/info/cukes/cucumber-html/0.2.3/cucumber-html-0.2.3.jar:/Users/hagar.abdelsamad/.m2/repository/info/cukes/cucumber-jvm-deps/1.0.5/cucumber-jvm-deps-1.0.5.jar:/Users/hagar.abdelsamad/.m2/repository/info/cukes/cucumber-testng/1.2.5/cucumber-testng-1.2.5.jar:/Users/hagar.abdelsamad/.m2/repository/info/cukes/gherkin/2.12.2/gherkin-2.12.2.jar:/Users/hagar.abdelsamad/.m2/repository/info/cukes/cucumber-java/1.2.5/cucumber-java-1.2.5.jar:/Users/hagar.abdelsamad/.m2/repository/org/testng/testng/6.14.3/testng-6.14.3.jar:/Users/hagar.abdelsamad/.m2/repository/com/beust/jcommander/1.72/jcommander-1.72.jar:/Users/hagar.abdelsamad/.m2/repository/org/apache-extras/beanshell/bsh/2.0b6/bsh-2.0b6.jar:/Users/hagar.abdelsamad/.m2/repository/org/seleniumhq/selenium/selenium-java/3.12.0/selenium-java-3.12.0.jar:/Users/hagar.abdelsamad/.m2/repository/org/seleniumhq/selenium/selenium-chrome-driver/3.12.0/selenium-chrome-driver-3.12.0.jar:/Users/hagar.abdelsamad/.m2/repository/org/seleniumhq/selenium/selenium-edge-driver/3.12.0/selenium-edge-driver-3.12.0.jar:/Users/hagar.abdelsamad/.m2/repository/org/seleniumhq/selenium/selenium-firefox-driver/3.12.0/selenium-firefox-driver-3.12.0.jar:/Users/hagar.abdelsamad/.m2/repository/org/seleniumhq/selenium/selenium-ie-driver/3.12.0/selenium-ie-driver-3.12.0.jar:/Users/hagar.abdelsamad/.m2/repository/org/seleniumhq/selenium/selenium-opera-driver/3.12.0/selenium-opera-driver-3.12.0.jar:/Users/hagar.abdelsamad/.m2/repository/org/seleniumhq/selenium/selenium-safari-driver/3.12.0/selenium-safari-driver-3.12.0.jar:/Users/hagar.abdelsamad/.m2/repository/org/seleniumhq/selenium/selenium-support/3.12.0/selenium-support-3.12.0.jar:/Users/hagar.abdelsamad/.m2/repository/net/bytebuddy/byte-buddy/1.8.3/byte-buddy-1.8.3.jar:/Users/hagar.abdelsamad/.m2/repository/org/apache/commons/commons-exec/1.3/commons-exec-1.3.jar:/Users/hagar.abdelsamad/.m2/repository/commons-codec/commons-codec/1.10/commons-codec-1.10.jar:/Users/hagar.abdelsamad/.m2/repository/commons-logging/commons-logging/1.2/commons-logging-1.2.jar:/Users/hagar.abdelsamad/.m2/repository/com/google/code/gson/gson/2.8.2/gson-2.8.2.jar:/Users/hagar.abdelsamad/.m2/repository/com/google/guava/guava/23.6-jre/guava-23.6-jre.jar:/Users/hagar.abdelsamad/.m2/repository/com/google/code/findbugs/jsr305/1.3.9/jsr305-1.3.9.jar:/Users/hagar.abdelsamad/.m2/repository/org/checkerframework/checker-compat-qual/2.0.0/checker-compat-qual-2.0.0.jar:/Users/hagar.abdelsamad/.m2/repository/com/google/errorprone/error_prone_annotations/2.1.3/error_prone_annotations-2.1.3.jar:/Users/hagar.abdelsamad/.m2/repository/com/google/j2objc/j2objc-annotations/1.1/j2objc-annotations-1.1.jar:/Users/hagar.abdelsamad/.m2/repository/org/codehaus/mojo/animal-sniffer-annotations/1.14/animal-sniffer-annotations-1.14.jar:/Users/hagar.abdelsamad/.m2/repository/org/apache/httpcomponents/httpclient/4.5.3/httpclient-4.5.3.jar:/Users/hagar.abdelsamad/.m2/repository/org/apache/httpcomponents/httpcore/4.4.6/httpcore-4.4.6.jar:/Users/hagar.abdelsamad/.m2/repository/com/squareup/okhttp3/okhttp/3.9.1/okhttp-3.9.1.jar:/Users/hagar.abdelsamad/.m2/repository/com/squareup/okio/okio/1.13.0/okio-1.13.0.jar:/Users/hagar.abdelsamad/.m2/repository/org/apache/poi/poi-ooxml/3.17/poi-ooxml-3.17.jar:/Users/hagar.abdelsamad/.m2/repository/org/apache/poi/poi/3.17/poi-3.17.jar:/Users/hagar.abdelsamad/.m2/repository/org/apache/commons/commons-collections4/4.1/commons-collections4-4.1.jar:/Users/hagar.abdelsamad/.m2/repository/org/apache/poi/poi-ooxml-schemas/3.17/poi-ooxml-schemas-3.17.jar:/Users/hagar.abdelsamad/.m2/repository/org/apache/xmlbeans/xmlbeans/2.6.0/xmlbeans-2.6.0.jar:/Users/hagar.abdelsamad/.m2/repository/stax/stax-api/1.0.1/stax-api-1.0.1.jar:/Users/hagar.abdelsamad/.m2/repository/com/github/virtuald/curvesapi/1.04/curvesapi-1.04.jar:/Users/hagar.abdelsamad/.m2/repository/com/opencsv/opencsv/4.1/opencsv-4.1.jar:/Users/hagar.abdelsamad/.m2/repository/org/apache/commons/commons-lang3/3.6/commons-lang3-3.6.jar:/Users/hagar.abdelsamad/.m2/repository/org/apache/commons/commons-text/1.1/commons-text-1.1.jar:/Users/hagar.abdelsamad/.m2/repository/commons-beanutils/commons-beanutils/1.9.3/commons-beanutils-1.9.3.jar:/Users/hagar.abdelsamad/.m2/repository/commons-collections/commons-collections/3.2.2/commons-collections-3.2.2.jar:/Users/hagar.abdelsamad/.m2/repository/com/googlecode/json-simple/json-simple/1.1.1/json-simple-1.1.1.jar:/Users/hagar.abdelsamad/.m2/repository/junit/junit/4.10/junit-4.10.jar:/Users/hagar.abdelsamad/.m2/repository/org/hamcrest/hamcrest-core/1.1/hamcrest-core-1.1.jar:/Users/hagar.abdelsamad/.m2/repository/com/github/javafaker/javafaker/0.15/javafaker-0.15.jar:/Users/hagar.abdelsamad/.m2/repository/org/yaml/snakeyaml/1.20/snakeyaml-1.20-android.jar:/Users/hagar.abdelsamad/.m2/repository/com/github/mifmif/generex/1.0.2/generex-1.0.2.jar:/Users/hagar.abdelsamad/.m2/repository/dk/brics/automaton/automaton/1.11-8/automaton-1.11-8.jar:/Users/hagar.abdelsamad/.m2/repository/org/apache/maven/surefire/surefire-testng-utils/2.21.0/surefire-testng-utils-2.21.0.jar:/Users/hagar.abdelsamad/.m2/repository/org/apache/maven/surefire/surefire-grouper/2.21.0/surefire-grouper-2.21.0.jar:"/>
    <property name="java.vm.vendor" value="Oracle Corporation"/>
    <property name="sun.arch.data.model" value="64"/>
    <property name="java.vendor.url" value="http://java.oracle.com/"/>
    <property name="user.timezone" value=""/>
    <property name="java.vm.specification.version" value="1.8"/>
    <property name="os.name" value="Mac OS X"/>
    <property name="user.country" value="EG"/>
    <property name="sun.java.launcher" value="SUN_STANDARD"/>
    <property name="sun.boot.library.path" value="/Library/Java/JavaVirtualMachines/jdk1.8.0_291.jdk/Contents/Home/jre/lib"/>
    <property name="sun.java.command" value="/Users/hagar.abdelsamad/Documents/GitHub/Selenium-Framework/target/surefire/surefirebooter3554718313065384320.jar /Users/hagar.abdelsamad/Documents/GitHub/Selenium-Framework/target/surefire 2022-08-09T10-50-01_742-jvmRun1 surefire7084288780326499833tmp surefire_01486924961692935276tmp"/>
    <property name="http.nonProxyHosts" value="local|*.local|169.254/16|*.169.254/16"/>
    <property name="surefire.test.class.path" value="/Users/hagar.abdelsamad/Documents/GitHub/Selenium-Framework/target/test-classes:/Users/hagar.abdelsamad/Documents/GitHub/Selenium-Framework/target/classes:/Users/hagar.abdelsamad/.m2/repository/com/codeborne/phantomjsdriver/1.4.4/phantomjsdriver-1.4.4.jar:/Users/hagar.abdelsamad/.m2/repository/org/seleniumhq/selenium/selenium-api/3.8.1/selenium-api-3.8.1.jar:/Users/hagar.abdelsamad/.m2/repository/org/seleniumhq/selenium/selenium-remote-driver/3.8.1/selenium-remote-driver-3.8.1.jar:/Users/hagar.abdelsamad/.m2/repository/info/cukes/cucumber-core/1.2.5/cucumber-core-1.2.5.jar:/Users/hagar.abdelsamad/.m2/repository/info/cukes/cucumber-html/0.2.3/cucumber-html-0.2.3.jar:/Users/hagar.abdelsamad/.m2/repository/info/cukes/cucumber-jvm-deps/1.0.5/cucumber-jvm-deps-1.0.5.jar:/Users/hagar.abdelsamad/.m2/repository/info/cukes/cucumber-testng/1.2.5/cucumber-testng-1.2.5.jar:/Users/hagar.abdelsamad/.m2/repository/info/cukes/gherkin/2.12.2/gherkin-2.12.2.jar:/Users/hagar.abdelsamad/.m2/repository/info/cukes/cucumber-java/1.2.5/cucumber-java-1.2.5.jar:/Users/hagar.abdelsamad/.m2/repository/org/testng/testng/6.14.3/testng-6.14.3.jar:/Users/hagar.abdelsamad/.m2/repository/com/beust/jcommander/1.72/jcommander-1.72.jar:/Users/hagar.abdelsamad/.m2/repository/org/apache-extras/beanshell/bsh/2.0b6/bsh-2.0b6.jar:/Users/hagar.abdelsamad/.m2/repository/org/seleniumhq/selenium/selenium-java/3.12.0/selenium-java-3.12.0.jar:/Users/hagar.abdelsamad/.m2/repository/org/seleniumhq/selenium/selenium-chrome-driver/3.12.0/selenium-chrome-driver-3.12.0.jar:/Users/hagar.abdelsamad/.m2/repository/org/seleniumhq/selenium/selenium-edge-driver/3.12.0/selenium-edge-driver-3.12.0.jar:/Users/hagar.abdelsamad/.m2/repository/org/seleniumhq/selenium/selenium-firefox-driver/3.12.0/selenium-firefox-driver-3.12.0.jar:/Users/hagar.abdelsamad/.m2/repository/org/seleniumhq/selenium/selenium-ie-driver/3.12.0/selenium-ie-driver-3.12.0.jar:/Users/hagar.abdelsamad/.m2/repository/org/seleniumhq/selenium/selenium-opera-driver/3.12.0/selenium-opera-driver-3.12.0.jar:/Users/hagar.abdelsamad/.m2/repository/org/seleniumhq/selenium/selenium-safari-driver/3.12.0/selenium-safari-driver-3.12.0.jar:/Users/hagar.abdelsamad/.m2/repository/org/seleniumhq/selenium/selenium-support/3.12.0/selenium-support-3.12.0.jar:/Users/hagar.abdelsamad/.m2/repository/net/bytebuddy/byte-buddy/1.8.3/byte-buddy-1.8.3.jar:/Users/hagar.abdelsamad/.m2/repository/org/apache/commons/commons-exec/1.3/commons-exec-1.3.jar:/Users/hagar.abdelsamad/.m2/repository/commons-codec/commons-codec/1.10/commons-codec-1.10.jar:/Users/hagar.abdelsamad/.m2/repository/commons-logging/commons-logging/1.2/commons-logging-1.2.jar:/Users/hagar.abdelsamad/.m2/repository/com/google/code/gson/gson/2.8.2/gson-2.8.2.jar:/Users/hagar.abdelsamad/.m2/repository/com/google/guava/guava/23.6-jre/guava-23.6-jre.jar:/Users/hagar.abdelsamad/.m2/repository/com/google/code/findbugs/jsr305/1.3.9/jsr305-1.3.9.jar:/Users/hagar.abdelsamad/.m2/repository/org/checkerframework/checker-compat-qual/2.0.0/checker-compat-qual-2.0.0.jar:/Users/hagar.abdelsamad/.m2/repository/com/google/errorprone/error_prone_annotations/2.1.3/error_prone_annotations-2.1.3.jar:/Users/hagar.abdelsamad/.m2/repository/com/google/j2objc/j2objc-annotations/1.1/j2objc-annotations-1.1.jar:/Users/hagar.abdelsamad/.m2/repository/org/codehaus/mojo/animal-sniffer-annotations/1.14/animal-sniffer-annotations-1.14.jar:/Users/hagar.abdelsamad/.m2/repository/org/apache/httpcomponents/httpclient/4.5.3/httpclient-4.5.3.jar:/Users/hagar.abdelsamad/.m2/repository/org/apache/httpcomponents/httpcore/4.4.6/httpcore-4.4.6.jar:/Users/hagar.abdelsamad/.m2/repository/com/squareup/okhttp3/okhttp/3.9.1/okhttp-3.9.1.jar:/Users/hagar.abdelsamad/.m2/repository/com/squareup/okio/okio/1.13.0/okio-1.13.0.jar:/Users/hagar.abdelsamad/.m2/repository/org/apache/poi/poi-ooxml/3.17/poi-ooxml-3.17.jar:/Users/hagar.abdelsamad/.m2/repository/org/apache/poi/poi/3.17/poi-3.17.jar:/Users/hagar.abdelsamad/.m2/repository/org/apache/commons/commons-collections4/4.1/commons-collections4-4.1.jar:/Users/hagar.abdelsamad/.m2/repository/org/apache/poi/poi-ooxml-schemas/3.17/poi-ooxml-schemas-3.17.jar:/Users/hagar.abdelsamad/.m2/repository/org/apache/xmlbeans/xmlbeans/2.6.0/xmlbeans-2.6.0.jar:/Users/hagar.abdelsamad/.m2/repository/stax/stax-api/1.0.1/stax-api-1.0.1.jar:/Users/hagar.abdelsamad/.m2/repository/com/github/virtuald/curvesapi/1.04/curvesapi-1.04.jar:/Users/hagar.abdelsamad/.m2/repository/com/opencsv/opencsv/4.1/opencsv-4.1.jar:/Users/hagar.abdelsamad/.m2/repository/org/apache/commons/commons-lang3/3.6/commons-lang3-3.6.jar:/Users/hagar.abdelsamad/.m2/repository/org/apache/commons/commons-text/1.1/commons-text-1.1.jar:/Users/hagar.abdelsamad/.m2/repository/commons-beanutils/commons-beanutils/1.9.3/commons-beanutils-1.9.3.jar:/Users/hagar.abdelsamad/.m2/repository/commons-collections/commons-collections/3.2.2/commons-collections-3.2.2.jar:/Users/hagar.abdelsamad/.m2/repository/com/googlecode/json-simple/json-simple/1.1.1/json-simple-1.1.1.jar:/Users/hagar.abdelsamad/.m2/repository/junit/junit/4.10/junit-4.10.jar:/Users/hagar.abdelsamad/.m2/repository/org/hamcrest/hamcrest-core/1.1/hamcrest-core-1.1.jar:/Users/hagar.abdelsamad/.m2/repository/com/github/javafaker/javafaker/0.15/javafaker-0.15.jar:/Users/hagar.abdelsamad/.m2/repository/org/yaml/snakeyaml/1.20/snakeyaml-1.20-android.jar:/Users/hagar.abdelsamad/.m2/repository/com/github/mifmif/generex/1.0.2/generex-1.0.2.jar:/Users/hagar.abdelsamad/.m2/repository/dk/brics/automaton/automaton/1.11-8/automaton-1.11-8.jar:/Users/hagar.abdelsamad/.m2/repository/org/apache/maven/surefire/surefire-testng-utils/2.21.0/surefire-testng-utils-2.21.0.jar:/Users/hagar.abdelsamad/.m2/repository/org/apache/maven/surefire/surefire-grouper/2.21.0/surefire-grouper-2.21.0.jar:"/>
    <property name="sun.cpu.endian" value="little"/>
    <property name="user.home" value="/Users/hagar.abdelsamad"/>
    <property name="user.language" value="en"/>
    <property name="java.specification.vendor" value="Oracle Corporation"/>
    <property name="java.home" value="/Library/Java/JavaVirtualMachines/jdk1.8.0_291.jdk/Contents/Home/jre"/>
    <property name="basedir" value="/Users/hagar.abdelsamad/Documents/GitHub/Selenium-Framework"/>
    <property name="file.separator" value="/"/>
    <property name="line.separator" value="&#10;"/>
    <property name="java.vm.specification.vendor" value="Oracle Corporation"/>
    <property name="java.specification.name" value="Java Platform API Specification"/>
    <property name="java.awt.graphicsenv" value="sun.awt.CGraphicsEnvironment"/>
    <property name="surefire.real.class.path" value="/Users/hagar.abdelsamad/Documents/GitHub/Selenium-Framework/target/surefire/surefirebooter3554718313065384320.jar"/>
    <property name="sun.boot.class.path" value="/Library/Java/JavaVirtualMachines/jdk1.8.0_291.jdk/Contents/Home/jre/lib/resources.jar:/Library/Java/JavaVirtualMachines/jdk1.8.0_291.jdk/Contents/Home/jre/lib/rt.jar:/Library/Java/JavaVirtualMachines/jdk1.8.0_291.jdk/Contents/Home/jre/lib/sunrsasign.jar:/Library/Java/JavaVirtualMachines/jdk1.8.0_291.jdk/Contents/Home/jre/lib/jsse.jar:/Library/Java/JavaVirtualMachines/jdk1.8.0_291.jdk/Contents/Home/jre/lib/jce.jar:/Library/Java/JavaVirtualMachines/jdk1.8.0_291.jdk/Contents/Home/jre/lib/charsets.jar:/Library/Java/JavaVirtualMachines/jdk1.8.0_291.jdk/Contents/Home/jre/lib/jfr.jar:/Library/Java/JavaVirtualMachines/jdk1.8.0_291.jdk/Contents/Home/jre/classes"/>
    <property name="sun.management.compiler" value="HotSpot 64-Bit Tiered Compilers"/>
    <property name="ftp.nonProxyHosts" value="local|*.local|169.254/16|*.169.254/16"/>
    <property name="java.runtime.version" value="1.8.0_291-b10"/>
    <property name="user.name" value="hagar.abdelsamad"/>
    <property name="path.separator" value=":"/>
    <property name="os.version" value="10.16"/>
    <property name="java.endorsed.dirs" value="/Library/Java/JavaVirtualMachines/jdk1.8.0_291.jdk/Contents/Home/jre/lib/endorsed"/>
    <property name="java.runtime.name" value="Java(TM) SE Runtime Environment"/>
    <property name="file.encoding" value="UTF-8"/>
    <property name="java.vm.name" value="Java HotSpot(TM) 64-Bit Server VM"/>
    <property name="localRepository" value="/Users/hagar.abdelsamad/.m2/repository"/>
    <property name="java.vendor.url.bug" value="http://bugreport.sun.com/bugreport/"/>
    <property name="java.io.tmpdir" value="/var/folders/ns/v9wg6yn94zl7659rq092yxhhq7d7jw/T/"/>
    <property name="java.version" value="1.8.0_291"/>
    <property name="user.dir" value="/Users/hagar.abdelsamad/Documents/GitHub/Selenium-Framework"/>
    <property name="os.arch" value="x86_64"/>
    <property name="java.vm.specification.name" value="Java Virtual Machine Specification"/>
    <property name="java.awt.printerjob" value="sun.lwawt.macosx.CPrinterJob"/>
    <property name="sun.os.patch.level" value="unknown"/>
    <property name="java.library.path" value="/Users/hagar.abdelsamad/Library/Java/Extensions:/Library/Java/Extensions:/Network/Library/Java/Extensions:/System/Library/Java/Extensions:/usr/lib/java:."/>
    <property name="java.vm.info" value="mixed mode"/>
    <property name="java.vendor" value="Oracle Corporation"/>
    <property name="java.vm.version" value="25.291-b10"/>
    <property name="java.ext.dirs" value="/Users/hagar.abdelsamad/Library/Java/Extensions:/Library/Java/JavaVirtualMachines/jdk1.8.0_291.jdk/Contents/Home/jre/lib/ext:/Library/Java/Extensions:/Network/Library/Java/Extensions:/System/Library/Java/Extensions:/usr/lib/java"/>
    <property name="sun.io.unicode.encoding" value="UnicodeBig"/>
    <property name="java.class.version" value="52.0"/>
    <property name="socksNonProxyHosts" value="local|*.local|169.254/16|*.169.254/16"/>
  </properties>
  <testcase name="UserCanUseContactUs" classname="tests.ContactUsTest" time="5.334"/>
</testsuite>