<?xml version="1.0" encoding="UTF-8"?>
<!-- Generated by org.testng.reporters.JUnitReportReporter -->
<testsuite skipped="0" hostname="EG-HABDELSAMAD-MAC.local" name="tests.ContactUsTest" tests="1" failures="0" timestamp="09 Aug 2022 08:27:42 GMT" time="2.031" errors="0">
  <testcase name="UserCanUseContactUs" time="2.031" classname="tests.ContactUsTest"/>
</testsuite> <!-- tests.ContactUsTest -->
