<?xml version="1.0" encoding="UTF-8"?>
<!-- Generated by org.testng.reporters.JUnitReportReporter -->
<testsuite skipped="0" hostname="EG-HABDELSAMAD-MAC.local" name="tests.ContactUsTest" tests="1" failures="0" timestamp="08 Aug 2022 11:03:48 GMT" time="1.809" errors="0">
  <testcase name="UserCanUseContactUs" time="1.809" classname="tests.ContactUsTest"/>
</testsuite> <!-- tests.ContactUsTest -->
